[IgnoreCode] 2024-08-28T21:56:17.284305 Plugin IgnoreCode threw while analyzing /home/user/mreader/lib/providers/app_provider.dart:
[IgnoreCode] 2024-08-28T21:56:17.284305 InconsistentAnalysisException: Requested result might be inconsistent with previously returned results
[IgnoreCode] 2024-08-28T21:56:17.284305
[IgnoreCode] 2024-08-28T21:56:17.284305 #0      AnalysisSessionImpl.checkConsistency (package:analyzer/src/dart/analysis/session.dart:54:7)
[IgnoreCode] 2024-08-28T21:56:17.284305 #1      AnalysisSessionImpl.getResolvedUnit (package:analyzer/src/dart/analysis/session.dart:129:5)
[IgnoreCode] 2024-08-28T21:56:17.284305 #2      ChangeBuilderImpl._createDartFileEditBuilder (package:analyzer_plugin/src/utilities/change_builder/change_builder_core.dart:287:33)
[IgnoreCode] 2024-08-28T21:56:17.284305 #3      ChangeBuilderImpl.addDartFileEdit (package:analyzer_plugin/src/utilities/change_builder/change_builder_core.dart:136:23)
[IgnoreCode] 2024-08-28T21:56:17.284305 #4      _ChangeBuilderImpl.addDartFileEdit.<anonymous closure> (package:custom_lint_core/src/change_reporter.dart:135:35)
[IgnoreCode] 2024-08-28T21:56:17.284305 #5      new Future.<anonymous closure> (dart:async/future.dart:258:40)
[IgnoreCode] 2024-08-28T21:56:17.284305 #6      _rootRun (dart:async/zone.dart:1391:47)
[IgnoreCode] 2024-08-28T21:56:17.284305 #7      _CustomZone.run (dart:async/zone.dart:1301:19)
[IgnoreCode] 2024-08-28T21:56:17.284305 #8      _CustomZone.runGuarded (dart:async/zone.dart:1209:7)
[IgnoreCode] 2024-08-28T21:56:17.284305 #9      _CustomZone.bindCallbackGuarded.<anonymous closure> (dart:async/zone.dart:1249:23)
[IgnoreCode] 2024-08-28T21:56:17.284305 #10     _rootRun (dart:async/zone.dart:1399:13)
[IgnoreCode] 2024-08-28T21:56:17.284305 #11     _CustomZone.run (dart:async/zone.dart:1301:19)
[IgnoreCode] 2024-08-28T21:56:17.284305 #12     _CustomZone.bindCallback.<anonymous closure> (dart:async/zone.dart:1233:23)
[IgnoreCode] 2024-08-28T21:56:17.284305 #13     Timer._createTimer.<anonymous closure> (dart:async-patch/timer_patch.dart:18:15)
[IgnoreCode] 2024-08-28T21:56:17.284305 #14     _Timer._runTimers (dart:isolate-patch/timer_impl.dart:398:19)
[IgnoreCode] 2024-08-28T21:56:17.284305 #15     _Timer._handleMessage (dart:isolate-patch/timer_impl.dart:429:5)
[IgnoreCode] 2024-08-28T21:56:17.284305 #16     _RawReceivePort._handleMessage (dart:isolate-patch/isolate_patch.dart:184:12)
[IgnoreCode] 2024-08-28T21:56:17.284305
[IgnoreCode] 2024-08-28T21:56:17.285577 Plugin IgnoreCode threw while analyzing /home/user/mreader/lib/providers/app_provider.dart:
[IgnoreCode] 2024-08-28T21:56:17.285577 InconsistentAnalysisException: Requested result might be inconsistent with previously returned results
[IgnoreCode] 2024-08-28T21:56:17.285577
[IgnoreCode] 2024-08-28T21:56:17.285577 #0      AnalysisSessionImpl.checkConsistency (package:analyzer/src/dart/analysis/session.dart:54:7)
[IgnoreCode] 2024-08-28T21:56:17.285577 #1      AnalysisSessionImpl.getResolvedUnit (package:analyzer/src/dart/analysis/session.dart:129:5)
[IgnoreCode] 2024-08-28T21:56:17.285577 #2      ChangeBuilderImpl._createDartFileEditBuilder (package:analyzer_plugin/src/utilities/change_builder/change_builder_core.dart:287:33)
[IgnoreCode] 2024-08-28T21:56:17.285577 #3      ChangeBuilderImpl.addDartFileEdit (package:analyzer_plugin/src/utilities/change_builder/change_builder_core.dart:136:23)
[IgnoreCode] 2024-08-28T21:56:17.285577 #4      _ChangeBuilderImpl.addDartFileEdit.<anonymous closure> (package:custom_lint_core/src/change_reporter.dart:135:35)
[IgnoreCode] 2024-08-28T21:56:17.285577 #5      new Future.<anonymous closure> (dart:async/future.dart:258:40)
[IgnoreCode] 2024-08-28T21:56:17.285577 #6      _rootRun (dart:async/zone.dart:1391:47)
[IgnoreCode] 2024-08-28T21:56:17.285577 #7      _CustomZone.run (dart:async/zone.dart:1301:19)
[IgnoreCode] 2024-08-28T21:56:17.285577 #8      _CustomZone.runGuarded (dart:async/zone.dart:1209:7)
[IgnoreCode] 2024-08-28T21:56:17.285577 #9      _CustomZone.bindCallbackGuarded.<anonymous closure> (dart:async/zone.dart:1249:23)
[IgnoreCode] 2024-08-28T21:56:17.285577 #10     _rootRun (dart:async/zone.dart:1399:13)
[IgnoreCode] 2024-08-28T21:56:17.285577 #11     _CustomZone.run (dart:async/zone.dart:1301:19)
[IgnoreCode] 2024-08-28T21:56:17.285577 #12     _CustomZone.bindCallback.<anonymous closure> (dart:async/zone.dart:1233:23)
[IgnoreCode] 2024-08-28T21:56:17.285577 #13     Timer._createTimer.<anonymous closure> (dart:async-patch/timer_patch.dart:18:15)
[IgnoreCode] 2024-08-28T21:56:17.285577 #14     _Timer._runTimers (dart:isolate-patch/timer_impl.dart:398:19)
[IgnoreCode] 2024-08-28T21:56:17.285577 #15     _Timer._handleMessage (dart:isolate-patch/timer_impl.dart:429:5)
[IgnoreCode] 2024-08-28T21:56:17.285577 #16     _RawReceivePort._handleMessage (dart:isolate-patch/isolate_patch.dart:184:12)
[IgnoreCode] 2024-08-28T21:56:17.285577
[IgnoreCode] 2024-08-28T21:56:17.322279 Plugin IgnoreCode threw while analyzing /home/user/mreader/lib/providers/app_provider.dart:
[IgnoreCode] 2024-08-28T21:56:17.322279 InconsistentAnalysisException: Requested result might be inconsistent with previously returned results
[IgnoreCode] 2024-08-28T21:56:17.322279
[IgnoreCode] 2024-08-28T21:56:17.322279 #0      AnalysisSessionImpl.checkConsistency (package:analyzer/src/dart/analysis/session.dart:54:7)
[IgnoreCode] 2024-08-28T21:56:17.322279 #1      AnalysisSessionImpl.getResolvedUnit (package:analyzer/src/dart/analysis/session.dart:129:5)
[IgnoreCode] 2024-08-28T21:56:17.322279 #2      ChangeBuilderImpl._createDartFileEditBuilder (package:analyzer_plugin/src/utilities/change_builder/change_builder_core.dart:287:33)
[IgnoreCode] 2024-08-28T21:56:17.322279 #3      ChangeBuilderImpl.addDartFileEdit (package:analyzer_plugin/src/utilities/change_builder/change_builder_core.dart:136:23)
[IgnoreCode] 2024-08-28T21:56:17.322279 #4      _ChangeBuilderImpl.addDartFileEdit.<anonymous closure> (package:custom_lint_core/src/change_reporter.dart:135:35)
[IgnoreCode] 2024-08-28T21:56:17.322279 #5      new Future.<anonymous closure> (dart:async/future.dart:258:40)
[IgnoreCode] 2024-08-28T21:56:17.322279 #6      _rootRun (dart:async/zone.dart:1391:47)
[IgnoreCode] 2024-08-28T21:56:17.322279 #7      _CustomZone.run (dart:async/zone.dart:1301:19)
[IgnoreCode] 2024-08-28T21:56:17.322279 #8      _CustomZone.runGuarded (dart:async/zone.dart:1209:7)
[IgnoreCode] 2024-08-28T21:56:17.322279 #9      _CustomZone.bindCallbackGuarded.<anonymous closure> (dart:async/zone.dart:1249:23)
[IgnoreCode] 2024-08-28T21:56:17.322279 #10     _rootRun (dart:async/zone.dart:1399:13)
[IgnoreCode] 2024-08-28T21:56:17.322279 #11     _CustomZone.run (dart:async/zone.dart:1301:19)
[IgnoreCode] 2024-08-28T21:56:17.322279 #12     _CustomZone.bindCallback.<anonymous closure> (dart:async/zone.dart:1233:23)
[IgnoreCode] 2024-08-28T21:56:17.322279 #13     Timer._createTimer.<anonymous closure> (dart:async-patch/timer_patch.dart:18:15)
[IgnoreCode] 2024-08-28T21:56:17.322279 #14     _Timer._runTimers (dart:isolate-patch/timer_impl.dart:398:19)
[IgnoreCode] 2024-08-28T21:56:17.322279 #15     _Timer._handleMessage (dart:isolate-patch/timer_impl.dart:429:5)
[IgnoreCode] 2024-08-28T21:56:17.322279 #16     _RawReceivePort._handleMessage (dart:isolate-patch/isolate_patch.dart:184:12)
[IgnoreCode] 2024-08-28T21:56:17.322279
[IgnoreCode] 2024-08-28T21:56:17.322690 Plugin IgnoreCode threw while analyzing /home/user/mreader/lib/providers/app_provider.dart:
[IgnoreCode] 2024-08-28T21:56:17.322690 InconsistentAnalysisException: Requested result might be inconsistent with previously returned results
[IgnoreCode] 2024-08-28T21:56:17.322690
[IgnoreCode] 2024-08-28T21:56:17.322690 #0      AnalysisSessionImpl.checkConsistency (package:analyzer/src/dart/analysis/session.dart:54:7)
[IgnoreCode] 2024-08-28T21:56:17.322690 #1      AnalysisSessionImpl.getResolvedUnit (package:analyzer/src/dart/analysis/session.dart:129:5)
[IgnoreCode] 2024-08-28T21:56:17.322690 #2      ChangeBuilderImpl._createDartFileEditBuilder (package:analyzer_plugin/src/utilities/change_builder/change_builder_core.dart:287:33)
[IgnoreCode] 2024-08-28T21:56:17.322690 #3      ChangeBuilderImpl.addDartFileEdit (package:analyzer_plugin/src/utilities/change_builder/change_builder_core.dart:136:23)
[IgnoreCode] 2024-08-28T21:56:17.322690 #4      _ChangeBuilderImpl.addDartFileEdit.<anonymous closure> (package:custom_lint_core/src/change_reporter.dart:135:35)
[IgnoreCode] 2024-08-28T21:56:17.322690 #5      new Future.<anonymous closure> (dart:async/future.dart:258:40)
[IgnoreCode] 2024-08-28T21:56:17.322690 #6      _rootRun (dart:async/zone.dart:1391:47)
[IgnoreCode] 2024-08-28T21:56:17.322690 #7      _CustomZone.run (dart:async/zone.dart:1301:19)
[IgnoreCode] 2024-08-28T21:56:17.322690 #8      _CustomZone.runGuarded (dart:async/zone.dart:1209:7)
[IgnoreCode] 2024-08-28T21:56:17.322690 #9      _CustomZone.bindCallbackGuarded.<anonymous closure> (dart:async/zone.dart:1249:23)
[IgnoreCode] 2024-08-28T21:56:17.322690 #10     _rootRun (dart:async/zone.dart:1399:13)
[IgnoreCode] 2024-08-28T21:56:17.322690 #11     _CustomZone.run (dart:async/zone.dart:1301:19)
[IgnoreCode] 2024-08-28T21:56:17.322690 #12     _CustomZone.bindCallback.<anonymous closure> (dart:async/zone.dart:1233:23)
[IgnoreCode] 2024-08-28T21:56:17.322690 #13     Timer._createTimer.<anonymous closure> (dart:async-patch/timer_patch.dart:18:15)
[IgnoreCode] 2024-08-28T21:56:17.322690 #14     _Timer._runTimers (dart:isolate-patch/timer_impl.dart:398:19)
[IgnoreCode] 2024-08-28T21:56:17.322690 #15     _Timer._handleMessage (dart:isolate-patch/timer_impl.dart:429:5)
[IgnoreCode] 2024-08-28T21:56:17.322690 #16     _RawReceivePort._handleMessage (dart:isolate-patch/isolate_patch.dart:184:12)
[IgnoreCode] 2024-08-28T21:56:17.322690
